<?xml version="1.0" encoding="UTF-8"?>
<!-- Generated by org.testng.reporters.JUnitReportReporter -->
<testsuite hostname="LAPTOP-F15JCU2A" failures="0" tests="2" name="Testcases.Login_page" time="0.057" errors="0" timestamp="2024-08-08T14:52:11 IST" skipped="0">
  <testcase classname="Testcases.Login_page" name="validateUrl" time="0.033"/>
  <system-out/>
  <testcase classname="Testcases.Login_page" name="validateTitle" time="0.024"/>
  <system-out/>
</testsuite> <!-- Testcases.Login_page -->
