<?xml version="1.0" encoding="UTF-8"?>
<!-- Generated by org.testng.reporters.JUnitReportReporter -->
<testsuite hostname="LAPTOP-F15JCU2A" failures="0" tests="2" name="Testcases.Login_page" time="0.040" errors="0" timestamp="2024-08-09T15:35:17 IST" skipped="0">
  <testcase classname="Testcases.Login_page" name="validateUrl" time="0.022"/>
  <testcase classname="Testcases.Login_page" name="validateTitle" time="0.018"/>
</testsuite> <!-- Testcases.Login_page -->
